#
# There is insufficient memory for the Java Runtime Environment to continue.
# Native memory allocation (malloc) failed to allocate 1412496 bytes for Chunk::new
# Possible reasons:
#   The system is out of physical RAM or swap space
#   The process is running with CompressedOops enabled, and the Java Heap may be blocking the growth of the native heap
# Possible solutions:
#   Reduce memory load on the system
#   Increase physical memory or swap space
#   Check if swap backing store is full
#   Decrease Java heap size (-Xmx/-Xms)
#   Decrease number of Java threads
#   Decrease Java thread stack sizes (-Xss)
#   Set larger code cache with -XX:ReservedCodeCacheSize=
#   JVM is running with Unscaled Compressed Oops mode in which the Java heap is
#     placed in the first 4GB address space. The Java Heap base address is the
#     maximum limit for the native heap growth. Please use -XX:HeapBaseMinAddress
#     to set the Java Heap base and to place the Java Heap above 4GB virtual address.
# This output file may be truncated or incomplete.
#
#  Out of Memory Error (allocation.cpp:389), pid=11476, tid=0x0000000000002d38
#
# JRE version: OpenJDK Runtime Environment (8.0_202-b03) (build 1.8.0_202-release-1483-b03)
# Java VM: OpenJDK 64-Bit Server VM (25.202-b03 mixed mode windows-amd64 compressed oops)
# Failed to write core dump. Minidumps are not enabled by default on client versions of Windows
#

---------------  T H R E A D  ---------------

Current thread (0x000000001791d800):  JavaThread "C2 CompilerThread2" daemon [_thread_in_native, id=11576, stack(0x0000000019510000,0x0000000019610000)]

Stack: [0x0000000019510000,0x0000000019610000]
[error occurred during error reporting (printing stack bounds), id 0xc0000005]

Native frames: (J=compiled Java code, j=interpreted, Vv=VM code, C=native code)


Current CompileTask:
C2:   7184 7612       4       java.io.ObjectOutputStream::writeClassDesc (60 bytes)


---------------  P R O C E S S  ---------------

Java Threads: ( => current thread )
  0x0000000021ac6800 JavaThread "stdout" [_thread_new, id=12784, stack(0x0000000000000000,0x0000000000000000)]
  0x0000000021ac6000 JavaThread "stderr" [_thread_in_native, id=12780, stack(0x0000000028b60000,0x0000000028c60000)]
  0x0000000021ac5000 JavaThread "stdout" [_thread_in_native, id=3944, stack(0x0000000026fb0000,0x00000000270b0000)]
  0x000000001e645800 JavaThread "stderr" [_thread_in_native, id=12704, stack(0x0000000028570000,0x0000000028670000)]
  0x000000001e645000 JavaThread "stdout" [_thread_in_native, id=12700, stack(0x00000000283c0000,0x00000000284c0000)]
  0x000000001e644000 JavaThread "stderr" [_thread_in_native, id=12696, stack(0x0000000026440000,0x0000000026540000)]
  0x000000001e643800 JavaThread "stdout" [_thread_in_native, id=12692, stack(0x0000000028290000,0x0000000028390000)]
  0x000000001e642800 JavaThread "stderr" [_thread_in_native, id=12688, stack(0x00000000280b0000,0x00000000281b0000)]
  0x000000001e641000 JavaThread "WorkerExecutor Queue Thread 8" [_thread_blocked, id=10596, stack(0x0000000027ed0000,0x0000000027fd0000)]
  0x000000001e640800 JavaThread "WorkerExecutor Queue Thread 7" [_thread_blocked, id=12368, stack(0x0000000027650000,0x0000000027750000)]
  0x000000001e63f800 JavaThread "pool-2-thread-1" [_thread_blocked, id=7968, stack(0x0000000027bc0000,0x0000000027cc0000)]
  0x000000001e63e800 JavaThread "WorkerExecutor Queue Thread 6" [_thread_blocked, id=12360, stack(0x0000000027a90000,0x0000000027b90000)]
  0x0000000021571800 JavaThread "WorkerExecutor Queue Thread 5" [_thread_blocked, id=12352, stack(0x00000000278b0000,0x00000000279b0000)]
  0x0000000021570800 JavaThread "WorkerExecutor Queue Thread 4" [_thread_blocked, id=12364, stack(0x0000000027400000,0x0000000027500000)]
  0x0000000021570000 JavaThread "WorkerExecutor Queue Thread 3" [_thread_blocked, id=12344, stack(0x0000000027750000,0x0000000027850000)]
  0x000000002156f000 JavaThread "WorkerExecutor Queue Thread 2" [_thread_blocked, id=12356, stack(0x0000000027500000,0x0000000027600000)]
  0x000000002156d000 JavaThread "WorkerExecutor Queue" [_thread_in_native, id=13116, stack(0x00000000270e0000,0x00000000271e0000)]
  0x000000002156b800 JavaThread "Cache worker for execution history cache (C:\Users\Minato\AndroidStudioProjects\GeodezHelper\.gradle\5.4.1\executionHistory)" [_thread_blocked, id=13088, stack(0x0000000026ea0000,0x0000000026fa0000)]
  0x000000002156a800 JavaThread "Execution worker for ':' Thread 7" [_thread_blocked, id=13084, stack(0x0000000026b40000,0x0000000026c40000)]
  0x000000002156a000 JavaThread "Execution worker for ':' Thread 6" [_thread_blocked, id=13080, stack(0x00000000269a0000,0x0000000026aa0000)]
  0x0000000021569000 JavaThread "Execution worker for ':' Thread 5" [_thread_blocked, id=13076, stack(0x0000000026840000,0x0000000026940000)]
  0x0000000021568800 JavaThread "Execution worker for ':' Thread 4" [_thread_blocked, id=13072, stack(0x0000000026710000,0x0000000026810000)]
  0x0000000021567800 JavaThread "Execution worker for ':' Thread 3" [_thread_blocked, id=13068, stack(0x0000000019120000,0x0000000019220000)]
  0x0000000021567000 JavaThread "Execution worker for ':' Thread 2" [_thread_blocked, id=13064, stack(0x0000000026540000,0x0000000026640000)]
  0x0000000021566000 JavaThread "Execution worker for ':'" [_thread_blocked, id=13060, stack(0x0000000024b20000,0x0000000024c20000)]
  0x0000000021564800 JavaThread "Cache worker for file content cache (C:\Users\Minato\AndroidStudioProjects\GeodezHelper\.gradle\5.4.1\fileContent)" [_thread_blocked, id=12996, stack(0x0000000024f00000,0x0000000025000000)]
  0x0000000021564000 JavaThread "Cache worker for file content cache (C:\Users\Minato\.gradle\caches\5.4.1\fileContent)" [_thread_blocked, id=12992, stack(0x0000000024710000,0x0000000024810000)]
  0x0000000021563000 JavaThread "Memory manager" [_thread_blocked, id=12988, stack(0x00000000245e0000,0x00000000246e0000)]
  0x000000001c4ff800 JavaThread "Cache worker for Build Output Cleanup Cache (C:\Users\Minato\AndroidStudioProjects\GeodezHelper\.gradle\buildOutputCleanup)" [_thread_blocked, id=12940, stack(0x00000000236d0000,0x00000000237d0000)]
  0x000000001c4fe000 JavaThread "Build operations Thread 8" [_thread_blocked, id=12816, stack(0x00000000237f0000,0x00000000238f0000)]
  0x000000001c4fd000 JavaThread "Build operations Thread 7" [_thread_blocked, id=12812, stack(0x00000000233b0000,0x00000000234b0000)]
  0x000000001c4fc800 JavaThread "Build operations Thread 6" [_thread_blocked, id=12808, stack(0x0000000023510000,0x0000000023610000)]
  0x000000001c4fb800 JavaThread "Build operations Thread 5" [_thread_blocked, id=12804, stack(0x0000000022ea0000,0x0000000022fa0000)]
  0x000000001c4fb000 JavaThread "Build operations Thread 4" [_thread_blocked, id=12800, stack(0x0000000023270000,0x0000000023370000)]
  0x000000001c4fa000 JavaThread "Build operations Thread 3" [_thread_blocked, id=12796, stack(0x00000000230e0000,0x00000000231e0000)]
  0x000000001c4f9800 JavaThread "Build operations Thread 2" [_thread_blocked, id=12792, stack(0x0000000022fc0000,0x00000000230c0000)]
  0x000000001c4f8800 JavaThread "Build operations" [_thread_blocked, id=12788, stack(0x0000000022490000,0x0000000022590000)]
  0x000000001c4f8000 JavaThread "Cache worker for execution history cache (C:\Users\Minato\.gradle\caches\5.4.1\executionHistory)" [_thread_blocked, id=12480, stack(0x0000000022900000,0x0000000022a00000)]
  0x000000001c4f7000 JavaThread "Cache worker for cache directory md-rule (C:\Users\Minato\.gradle\caches\5.4.1\md-rule)" [_thread_blocked, id=12476, stack(0x000000001ea10000,0x000000001eb10000)]
  0x000000001c4f6800 JavaThread "Cache worker for cache directory md-supplier (C:\Users\Minato\.gradle\caches\5.4.1\md-supplier)" [_thread_blocked, id=12472, stack(0x00000000225c0000,0x00000000226c0000)]
  0x000000001c4f2000 JavaThread "Cache worker for file hash cache (C:\Users\Minato\AndroidStudioProjects\GeodezHelper\.gradle\5.4.1\fileHashes)" [_thread_blocked, id=4116, stack(0x000000001eb10000,0x000000001ec10000)]
  0x000000001c4f1000 JavaThread "Cache worker for journal cache (C:\Users\Minato\.gradle\caches\journal-1)" [_thread_blocked, id=11536, stack(0x000000001c2f0000,0x000000001c3f0000)]
  0x000000001c4f0800 JavaThread "File lock request listener" [_thread_in_native, id=10920, stack(0x000000001b660000,0x000000001b760000)]
  0x000000001ae7a800 JavaThread "Cache worker for file hash cache (C:\Users\Minato\.gradle\caches\5.4.1\fileHashes)" [_thread_blocked, id=9360, stack(0x000000001d510000,0x000000001d610000)]
  0x000000001ab24800 JavaThread "Thread-9" [_thread_blocked, id=5796, stack(0x000000001c3f0000,0x000000001c4f0000)]
  0x000000001ab1c000 JavaThread "Stdin handler" [_thread_blocked, id=11988, stack(0x000000001c170000,0x000000001c270000)]
  0x000000001ab2f800 JavaThread "Asynchronous log dispatcher for DefaultDaemonConnection: socket connection from /127.0.0.1:4898 to /127.0.0.1:4899" [_thread_blocked, id=6248, stack(0x000000001bfc0000,0x000000001c0c0000)]
  0x000000001ab2b800 JavaThread "Daemon worker" [_thread_blocked, id=11488, stack(0x000000001be40000,0x000000001bf40000)]
  0x000000001ae87000 JavaThread "Cancel handler" [_thread_blocked, id=11364, stack(0x000000001b420000,0x000000001b520000)]
  0x000000001ab06000 JavaThread "Handler for socket connection from /127.0.0.1:4898 to /127.0.0.1:4899" [_thread_in_native, id=6600, stack(0x000000001baa0000,0x000000001bba0000)]
  0x000000001ab02800 JavaThread "Daemon" [_thread_blocked, id=11776, stack(0x000000001b9a0000,0x000000001baa0000)]
  0x000000001aa34000 JavaThread "Daemon periodic checks" [_thread_blocked, id=10484, stack(0x000000001b860000,0x000000001b960000)]
  0x000000001aa1d800 JavaThread "Incoming local TCP Connector on port 4898" [_thread_in_native, id=9192, stack(0x000000001b760000,0x000000001b860000)]
  0x000000001ad2e800 JavaThread "Daemon health stats" [_thread_blocked, id=2132, stack(0x000000001b0e0000,0x000000001b1e0000)]
  0x00000000179a0000 JavaThread "Service Thread" daemon [_thread_blocked, id=1260, stack(0x0000000019630000,0x0000000019730000)]
  0x000000001793a800 JavaThread "C1 CompilerThread3" daemon [_thread_blocked, id=5752, stack(0x0000000018f00000,0x0000000019000000)]
=>0x000000001791d800 JavaThread "C2 CompilerThread2" daemon [_thread_in_native, id=11576, stack(0x0000000019510000,0x0000000019610000)]
  0x0000000017916800 JavaThread "C2 CompilerThread1" daemon [_thread_in_native, id=10372, stack(0x0000000019390000,0x0000000019490000)]
  0x0000000017909000 JavaThread "C2 CompilerThread0" daemon [_thread_in_native, id=8880, stack(0x0000000019230000,0x0000000019330000)]
  0x0000000017905000 JavaThread "Attach Listener" daemon [_thread_blocked, id=12120, stack(0x0000000019010000,0x0000000019110000)]
  0x0000000017908000 JavaThread "Signal Dispatcher" daemon [_thread_blocked, id=10368, stack(0x0000000018df0000,0x0000000018ef0000)]
  0x000000001673c800 JavaThread "Finalizer" daemon [_thread_blocked, id=10052, stack(0x0000000018c00000,0x0000000018d00000)]
  0x0000000016735800 JavaThread "Reference Handler" daemon [_thread_blocked, id=8368, stack(0x0000000018990000,0x0000000018a90000)]
  0x000000000222f000 JavaThread "main" [_thread_blocked, id=11792, stack(0x0000000002230000,0x0000000002330000)]

Other Threads:
  0x00000000021ff800 VMThread [stack: 0x0000000018810000,0x0000000018910000] [id=11568]
  0x00000000179a2000 WatcherThread [stack: 0x00000000197f0000,0x00000000198f0000] [id=11492]

VM state:not at safepoint (normal execution)

VM Mutex/Monitor currently owned by a thread: None

heap address: 0x00000000a0000000, size: 1536 MB, Compressed Oops mode: 32-bit
Narrow klass base: 0x0000000000000000, Narrow klass shift: 3
Compressed class space size: 1073741824 Address: 0x000000013f3a0000

Heap:
 PSYoungGen      total 254464K, used 214471K [0x00000000e0000000, 0x00000000f1080000, 0x0000000100000000)
  eden space 237056K, 90% used [0x00000000e0000000,0x00000000ed171c58,0x00000000ee780000)
  from space 17408K, 0% used [0x00000000eff80000,0x00000000eff80000,0x00000000f1080000)
  to   space 20992K, 0% used [0x00000000ee780000,0x00000000ee780000,0x00000000efc00000)
 ParOldGen       total 222720K, used 34927K [0x00000000a0000000, 0x00000000ad980000, 0x00000000e0000000)
  object space 222720K, 15% used [0x00000000a0000000,0x00000000a221bc30,0x00000000ad980000)
 Metaspace       used 62650K, capacity 64998K, committed 65304K, reserved 1105920K
  class space    used 8481K, capacity 8972K, committed 9000K, reserved 1048576K

Card table byte_map: [0x0000000011a90000,0x0000000011da0000] byte_map_base: 0x0000000011590000

Marking Bits: (ParMarkBitMap*) 0x0000000056059f30
 Begin Bits: [0x0000000012a50000, 0x0000000014250000)
 End Bits:   [0x0000000014250000, 0x0000000015a50000)

Polling page: 0x0000000000250000

CodeCache: size=245760Kb used=22516Kb max_used=22516Kb free=223244Kb
 bounds [0x00000000026d0000, 0x0000000003cf0000, 0x00000000116d0000]
 total_blobs=7893 nmethods=7092 adapters=713
 compilation: enabled

Compilation events (10 events):
Event: 7.173 Thread 0x000000001793a800 7943       3       org.gradle.api.internal.provider.AbstractProperty::beforeRead (40 bytes)
Event: 7.173 Thread 0x000000001793a800 nmethod 7943 0x0000000003cdb610 code [0x0000000003cdb780, 0x0000000003cdbaa8]
Event: 7.173 Thread 0x000000001793a800 7944       3       com.google.gson.internal.$Gson$Types::canonicalize (139 bytes)
Event: 7.174 Thread 0x000000001793a800 nmethod 7944 0x0000000003cdbb50 code [0x0000000003cdbe00, 0x0000000003cdd208]
Event: 7.174 Thread 0x000000001793a800 7947       3       com.google.gson.stream.JsonWriter::newline (47 bytes)
Event: 7.174 Thread 0x000000001793a800 nmethod 7947 0x0000000003cdd610 code [0x0000000003cdd7a0, 0x0000000003cddb98]
Event: 7.174 Thread 0x000000001793a800 7945       3       java.lang.reflect.Field::isSynthetic (8 bytes)
Event: 7.174 Thread 0x000000001793a800 nmethod 7945 0x0000000003cddcd0 code [0x0000000003cdde40, 0x0000000003cde0f0]
Event: 7.174 Thread 0x000000001793a800 7946       3       com.google.gson.internal.Excluder::excludeClassChecks (67 bytes)
Event: 7.176 Thread 0x000000001793a800 nmethod 7946 0x0000000003cde190 code [0x0000000003cde580, 0x0000000003ce0a68]

GC Heap History (10 events):
Event: 3.006 GC heap before
{Heap before GC invocations=7 (full 1):
 PSYoungGen      total 139264K, used 30928K [0x00000000e0000000, 0x00000000eaf00000, 0x0000000100000000)
  eden space 128512K, 15% used [0x00000000e0000000,0x00000000e13b8510,0x00000000e7d80000)
  from space 10752K, 99% used [0x00000000e7d80000,0x00000000e87fbce8,0x00000000e8800000)
  to   space 13824K, 0% used [0x00000000ea180000,0x00000000ea180000,0x00000000eaf00000)
 ParOldGen       total 114688K, used 11454K [0x00000000a0000000, 0x00000000a7000000, 0x00000000e0000000)
  object space 114688K, 9% used [0x00000000a0000000,0x00000000a0b2f920,0x00000000a7000000)
 Metaspace       used 34741K, capacity 35460K, committed 35496K, reserved 1079296K
  class space    used 4791K, capacity 5003K, committed 5032K, reserved 1048576K
Event: 3.060 GC heap after
Heap after GC invocations=7 (full 1):
 PSYoungGen      total 165888K, used 8857K [0x00000000e0000000, 0x00000000efc80000, 0x0000000100000000)
  eden space 152064K, 0% used [0x00000000e0000000,0x00000000e0000000,0x00000000e9480000)
  from space 13824K, 64% used [0x00000000ea180000,0x00000000eaa26490,0x00000000eaf00000)
  to   space 13312K, 0% used [0x00000000e9480000,0x00000000e9480000,0x00000000ea180000)
 ParOldGen       total 114688K, used 11462K [0x00000000a0000000, 0x00000000a7000000, 0x00000000e0000000)
  object space 114688K, 9% used [0x00000000a0000000,0x00000000a0b31920,0x00000000a7000000)
 Metaspace       used 34741K, capacity 35460K, committed 35496K, reserved 1079296K
  class space    used 4791K, capacity 5003K, committed 5032K, reserved 1048576K
}
Event: 3.060 GC heap before
{Heap before GC invocations=8 (full 2):
 PSYoungGen      total 165888K, used 8857K [0x00000000e0000000, 0x00000000efc80000, 0x0000000100000000)
  eden space 152064K, 0% used [0x00000000e0000000,0x00000000e0000000,0x00000000e9480000)
  from space 13824K, 64% used [0x00000000ea180000,0x00000000eaa26490,0x00000000eaf00000)
  to   space 13312K, 0% used [0x00000000e9480000,0x00000000e9480000,0x00000000ea180000)
 ParOldGen       total 114688K, used 11462K [0x00000000a0000000, 0x00000000a7000000, 0x00000000e0000000)
  object space 114688K, 9% used [0x00000000a0000000,0x00000000a0b31920,0x00000000a7000000)
 Metaspace       used 34741K, capacity 35460K, committed 35496K, reserved 1079296K
  class space    used 4791K, capacity 5003K, committed 5032K, reserved 1048576K
Event: 3.157 GC heap after
Heap after GC invocations=8 (full 2):
 PSYoungGen      total 165888K, used 0K [0x00000000e0000000, 0x00000000efc80000, 0x0000000100000000)
  eden space 152064K, 0% used [0x00000000e0000000,0x00000000e0000000,0x00000000e9480000)
  from space 13824K, 0% used [0x00000000ea180000,0x00000000ea180000,0x00000000eaf00000)
  to   space 13312K, 0% used [0x00000000e9480000,0x00000000e9480000,0x00000000ea180000)
 ParOldGen       total 155136K, used 15754K [0x00000000a0000000, 0x00000000a9780000, 0x00000000e0000000)
  object space 155136K, 10% used [0x00000000a0000000,0x00000000a0f62ab0,0x00000000a9780000)
 Metaspace       used 34725K, capacity 35406K, committed 35496K, reserved 1079296K
  class space    used 4786K, capacity 4994K, committed 5032K, reserved 1048576K
}
Event: 4.240 GC heap before
{Heap before GC invocations=9 (full 2):
 PSYoungGen      total 165888K, used 152064K [0x00000000e0000000, 0x00000000efc80000, 0x0000000100000000)
  eden space 152064K, 100% used [0x00000000e0000000,0x00000000e9480000,0x00000000e9480000)
  from space 13824K, 0% used [0x00000000ea180000,0x00000000ea180000,0x00000000eaf00000)
  to   space 13312K, 0% used [0x00000000e9480000,0x00000000e9480000,0x00000000ea180000)
 ParOldGen       total 155136K, used 15754K [0x00000000a0000000, 0x00000000a9780000, 0x00000000e0000000)
  object space 155136K, 10% used [0x00000000a0000000,0x00000000a0f62ab0,0x00000000a9780000)
 Metaspace       used 49074K, capacity 50414K, committed 50600K, reserved 1093632K
  class space    used 6639K, capacity 6976K, committed 7080K, reserved 1048576K
Event: 4.264 GC heap after
Heap after GC invocations=9 (full 2):
 PSYoungGen      total 165376K, used 13290K [0x00000000e0000000, 0x00000000f1080000, 0x0000000100000000)
  eden space 152064K, 0% used [0x00000000e0000000,0x00000000e0000000,0x00000000e9480000)
  from space 13312K, 99% used [0x00000000e9480000,0x00000000ea17a980,0x00000000ea180000)
  to   space 17408K, 0% used [0x00000000eff80000,0x00000000eff80000,0x00000000f1080000)
 ParOldGen       total 155136K, used 21433K [0x00000000a0000000, 0x00000000a9780000, 0x00000000e0000000)
  object space 155136K, 13% used [0x00000000a0000000,0x00000000a14ee5e0,0x00000000a9780000)
 Metaspace       used 49074K, capacity 50414K, committed 50600K, reserved 1093632K
  class space    used 6639K, capacity 6976K, committed 7080K, reserved 1048576K
}
Event: 5.137 GC heap before
{Heap before GC invocations=10 (full 2):
 PSYoungGen      total 165376K, used 124493K [0x00000000e0000000, 0x00000000f1080000, 0x0000000100000000)
  eden space 152064K, 73% used [0x00000000e0000000,0x00000000e6c98d70,0x00000000e9480000)
  from space 13312K, 99% used [0x00000000e9480000,0x00000000ea17a980,0x00000000ea180000)
  to   space 17408K, 0% used [0x00000000eff80000,0x00000000eff80000,0x00000000f1080000)
 ParOldGen       total 155136K, used 21433K [0x00000000a0000000, 0x00000000a9780000, 0x00000000e0000000)
  object space 155136K, 13% used [0x00000000a0000000,0x00000000a14ee5e0,0x00000000a9780000)
 Metaspace       used 57583K, capacity 59148K, committed 59160K, reserved 1099776K
  class space    used 7843K, capacity 8229K, committed 8232K, reserved 1048576K
Event: 5.151 GC heap after
Heap after GC invocations=10 (full 2):
 PSYoungGen      total 254464K, used 17391K [0x00000000e0000000, 0x00000000f1080000, 0x0000000100000000)
  eden space 237056K, 0% used [0x00000000e0000000,0x00000000e0000000,0x00000000ee780000)
  from space 17408K, 99% used [0x00000000eff80000,0x00000000f107bde0,0x00000000f1080000)
  to   space 20992K, 0% used [0x00000000ee780000,0x00000000ee780000,0x00000000efc00000)
 ParOldGen       total 155136K, used 24747K [0x00000000a0000000, 0x00000000a9780000, 0x00000000e0000000)
  object space 155136K, 15% used [0x00000000a0000000,0x00000000a182aed8,0x00000000a9780000)
 Metaspace       used 57583K, capacity 59148K, committed 59160K, reserved 1099776K
  class space    used 7843K, capacity 8229K, committed 8232K, reserved 1048576K
}
Event: 5.151 GC heap before
{Heap before GC invocations=11 (full 3):
 PSYoungGen      total 254464K, used 17391K [0x00000000e0000000, 0x00000000f1080000, 0x0000000100000000)
  eden space 237056K, 0% used [0x00000000e0000000,0x00000000e0000000,0x00000000ee780000)
  from space 17408K, 99% used [0x00000000eff80000,0x00000000f107bde0,0x00000000f1080000)
  to   space 20992K, 0% used [0x00000000ee780000,0x00000000ee780000,0x00000000efc00000)
 ParOldGen       total 155136K, used 24747K [0x00000000a0000000, 0x00000000a9780000, 0x00000000e0000000)
  object space 155136K, 15% used [0x00000000a0000000,0x00000000a182aed8,0x00000000a9780000)
 Metaspace       used 57583K, capacity 59148K, committed 59160K, reserved 1099776K
  class space    used 7843K, capacity 8229K, committed 8232K, reserved 1048576K
Event: 5.363 GC heap after
Heap after GC invocations=11 (full 3):
 PSYoungGen      total 254464K, used 0K [0x00000000e0000000, 0x00000000f1080000, 0x0000000100000000)
  eden space 237056K, 0% used [0x00000000e0000000,0x00000000e0000000,0x00000000ee780000)
  from space 17408K, 0% used [0x00000000eff80000,0x00000000eff80000,0x00000000f1080000)
  to   space 20992K, 0% used [0x00000000ee780000,0x00000000ee780000,0x00000000efc00000)
 ParOldGen       total 222720K, used 34927K [0x00000000a0000000, 0x00000000ad980000, 0x00000000e0000000)
  object space 222720K, 15% used [0x00000000a0000000,0x00000000a221bc30,0x00000000ad980000)
 Metaspace       used 57583K, capacity 59148K, committed 59160K, reserved 1099776K
  class space    used 7843K, capacity 8229K, committed 8232K, reserved 1048576K
}

Deoptimization events (10 events):
Event: 7.015 Thread 0x0000000021569000 Uncommon trap: reason=unstable_if action=reinterpret pc=0x000000000375fab0 method=java.util.regex.Pattern$Curly.match(Ljava/util/regex/Matcher;ILjava/lang/CharSequence;)Z @ 45
Event: 7.016 Thread 0x0000000021569000 Uncommon trap: reason=bimorphic action=maybe_recompile pc=0x0000000003ad0380 method=com.sun.org.apache.xerces.internal.dom.NodeImpl.getUserData(Ljava/lang/String;)Ljava/lang/Object; @ 1
Event: 7.016 Thread 0x0000000021569000 Uncommon trap: reason=bimorphic action=maybe_recompile pc=0x0000000003ad0380 method=com.sun.org.apache.xerces.internal.dom.NodeImpl.getUserData(Ljava/lang/String;)Ljava/lang/Object; @ 1
Event: 7.016 Thread 0x0000000021569000 Uncommon trap: reason=bimorphic action=maybe_recompile pc=0x0000000003ad0380 method=com.sun.org.apache.xerces.internal.dom.NodeImpl.getUserData(Ljava/lang/String;)Ljava/lang/Object; @ 1
Event: 7.062 Thread 0x0000000021569000 Uncommon trap: reason=unstable_if action=reinterpret pc=0x0000000003b8ef54 method=com.sun.org.apache.xerces.internal.dom.ParentNode.internalInsertBefore(Lorg/w3c/dom/Node;Lorg/w3c/dom/Node;Z)Lorg/w3c/dom/Node; @ 572
Event: 7.064 Thread 0x0000000021569000 Uncommon trap: reason=class_check action=maybe_recompile pc=0x00000000035bd220 method=com.sun.org.apache.xerces.internal.dom.NodeImpl.ownerDocument()Lcom/sun/org/apache/xerces/internal/dom/CoreDocumentImpl; @ 11
Event: 7.064 Thread 0x0000000021569000 Uncommon trap: reason=class_check action=maybe_recompile pc=0x00000000035bd220 method=com.sun.org.apache.xerces.internal.dom.NodeImpl.ownerDocument()Lcom/sun/org/apache/xerces/internal/dom/CoreDocumentImpl; @ 11
Event: 7.150 Thread 0x0000000021569000 Uncommon trap: reason=unstable_if action=reinterpret pc=0x00000000039fce04 method=com.sun.org.apache.xerces.internal.impl.XMLDocumentFragmentScannerImpl.getString()Lcom/sun/org/apache/xerces/internal/xni/XMLString; @ 8
Event: 7.169 Thread 0x0000000021569000 Uncommon trap: reason=unstable_if action=reinterpret pc=0x0000000003b627a8 method=com.google.gson.stream.JsonWriter.newline()V @ 4
Event: 7.170 Thread 0x0000000021569000 Uncommon trap: reason=unstable_if action=reinterpret pc=0x0000000003b6f508 method=com.google.gson.stream.JsonWriter.string(Ljava/lang/String;)V @ 4

Classes redefined (0 events):
No events

Internal exceptions (10 events):
Event: 5.732 Thread 0x000000002156d000 Exception <a 'sun/nio/fs/WindowsException'> (0x00000000e3976688) thrown at [D:\src\AOSP-openjdk-cygwin\jdk8u\hotspot\src\share\vm\prims\jni.cpp, line 710]
Event: 5.732 Thread 0x000000002156d000 Implicit null exception at 0x0000000002a9ef40 to 0x0000000002a9f22c
Event: 5.765 Thread 0x000000001ab24800 Exception <a 'java/lang/NoSuchMethodError': <clinit>> (0x00000000e412d1f0) thrown at [D:\src\AOSP-openjdk-cygwin\jdk8u\hotspot\src\share\vm\prims\jni.cpp, line 1614]
Event: 6.441 Thread 0x000000001ab2b800 Implicit null exception at 0x00000000030759af to 0x0000000003075a4d
Event: 6.543 Thread 0x000000001ab2b800 Implicit null exception at 0x0000000003aec817 to 0x0000000003aecb99
Event: 6.755 Thread 0x000000001ab2b800 Exception <a 'java/lang/NoSuchMethodError': <clinit>> (0x00000000e9fd0208) thrown at [D:\src\AOSP-openjdk-cygwin\jdk8u\hotspot\src\share\vm\prims\jni.cpp, line 1614]
Event: 6.756 Thread 0x000000001ab2b800 Exception <a 'java/lang/NoSuchMethodError': <clinit>> (0x00000000e9ff0768) thrown at [D:\src\AOSP-openjdk-cygwin\jdk8u\hotspot\src\share\vm\prims\jni.cpp, line 1614]
Event: 6.756 Thread 0x000000001ab2b800 Exception <a 'java/lang/NoSuchMethodError': <clinit>> (0x00000000e9ff5a20) thrown at [D:\src\AOSP-openjdk-cygwin\jdk8u\hotspot\src\share\vm\prims\jni.cpp, line 1614]
Event: 6.757 Thread 0x000000001ab2b800 Exception <a 'java/lang/NoSuchMethodError': <clinit>> (0x00000000ea009a20) thrown at [D:\src\AOSP-openjdk-cygwin\jdk8u\hotspot\src\share\vm\prims\jni.cpp, line 1614]
Event: 6.911 Thread 0x0000000021569000 Exception <a 'java/lang/NoSuchMethodError': <clinit>> (0x00000000ec031500) thrown at [D:\src\AOSP-openjdk-cygwin\jdk8u\hotspot\src\share\vm\prims\jni.cpp, line 1614]

Events (10 events):
Event: 7.168 loading class java/util/Collections$ReverseComparator2
Event: 7.169 loading class java/util/Collections$ReverseComparator2 done
Event: 7.169 loading class java/util/Collections$CopiesList
Event: 7.169 loading class java/util/Collections$CopiesList done
Event: 7.169 Thread 0x0000000021569000 Uncommon trap: trap_request=0xffffff65 fr.pc=0x0000000003b627a8
Event: 7.169 Thread 0x0000000021569000 DEOPT PACKING pc=0x0000000003b627a8 sp=0x000000002693b760
Event: 7.169 Thread 0x0000000021569000 DEOPT UNPACKING pc=0x000000000271557b sp=0x000000002693b760 mode 2
Event: 7.170 Thread 0x0000000021569000 Uncommon trap: trap_request=0xffffff65 fr.pc=0x0000000003b6f508
Event: 7.170 Thread 0x0000000021569000 DEOPT PACKING pc=0x0000000003b6f508 sp=0x000000002693b600
Event: 7.170 Thread 0x0000000021569000 DEOPT UNPACKING pc=0x000000000271557b sp=0x000000002693b5e8 mode 2


Dynamic libraries:
0x000000013f360000 - 0x000000013f391000 	C:\Program Files\Android\Android Studio\jre\bin\java.exe
0x00000000776b0000 - 0x000000007784f000 	C:\Windows\SYSTEM32\ntdll.dll
0x000007fedd9d0000 - 0x000007fedd9e4000 	C:\Program Files\AVAST Software\Avast\aswhook.dll
0x0000000077490000 - 0x00000000775af000 	C:\Windows\system32\kernel32.dll
0x000007fefd540000 - 0x000007fefd5a7000 	C:\Windows\system32\KERNELBASE.dll
0x000007feff640000 - 0x000007feff71b000 	C:\Windows\system32\ADVAPI32.dll
0x000007feff080000 - 0x000007feff11f000 	C:\Windows\system32\msvcrt.dll
0x000007feff510000 - 0x000007feff52f000 	C:\Windows\SYSTEM32\sechost.dll
0x000007fefd730000 - 0x000007fefd85c000 	C:\Windows\system32\RPCRT4.dll
0x00000000775b0000 - 0x00000000776aa000 	C:\Windows\system32\USER32.dll
0x000007feff530000 - 0x000007feff597000 	C:\Windows\system32\GDI32.dll
0x000007fefef00000 - 0x000007fefef0e000 	C:\Windows\system32\LPK.dll
0x000007fefef70000 - 0x000007feff03b000 	C:\Windows\system32\USP10.dll
0x000007fefb320000 - 0x000007fefb515000 	C:\Windows\WinSxS\amd64_microsoft.windows.common-controls_6595b64144ccf1df_6.0.7601.24483_none_e372d88f30fbb845\COMCTL32.dll
0x000007feff5c0000 - 0x000007feff631000 	C:\Windows\system32\SHLWAPI.dll
0x000007feff040000 - 0x000007feff06e000 	C:\Windows\system32\IMM32.DLL
0x000007feff120000 - 0x000007feff229000 	C:\Windows\system32\MSCTF.dll
0x000000005aaa0000 - 0x000000005ab72000 	C:\Program Files\Android\Android Studio\jre\jre\bin\msvcr100.dll
0x0000000055890000 - 0x00000000560d6000 	C:\Program Files\Android\Android Studio\jre\jre\bin\server\jvm.dll
0x000007fefa2a0000 - 0x000007fefa2a9000 	C:\Windows\system32\WSOCK32.dll
0x000007fefd660000 - 0x000007fefd6ad000 	C:\Windows\system32\WS2_32.dll
0x000007feff070000 - 0x000007feff078000 	C:\Windows\system32\NSI.dll
0x000007fef6da0000 - 0x000007fef6ddb000 	C:\Windows\system32\WINMM.dll
0x000007fefcdd0000 - 0x000007fefcddc000 	C:\Windows\system32\VERSION.dll
0x0000000077860000 - 0x0000000077867000 	C:\Windows\system32\PSAPI.DLL
0x000007fefb300000 - 0x000007fefb30f000 	C:\Program Files\Android\Android Studio\jre\jre\bin\verify.dll
0x000007feb5810000 - 0x000007feb5839000 	C:\Program Files\Android\Android Studio\jre\jre\bin\java.dll
0x000007feb5720000 - 0x000007feb5736000 	C:\Program Files\Android\Android Studio\jre\jre\bin\zip.dll
0x000007fefdea0000 - 0x000007fefec2b000 	C:\Windows\system32\SHELL32.dll
0x000007feff230000 - 0x000007feff42f000 	C:\Windows\system32\ole32.dll
0x000007fefd210000 - 0x000007fefd21f000 	C:\Windows\system32\profapi.dll
0x000007feb56d0000 - 0x000007feb56ea000 	C:\Program Files\Android\Android Studio\jre\jre\bin\net.dll
0x000007fefc680000 - 0x000007fefc6d5000 	C:\Windows\system32\mswsock.dll
0x000007fefc670000 - 0x000007fefc677000 	C:\Windows\System32\wship6.dll
0x000007feb4b20000 - 0x000007feb4b31000 	C:\Program Files\Android\Android Studio\jre\jre\bin\nio.dll
0x000007feb4310000 - 0x000007feb4336000 	C:\Users\Minato\.gradle\native\29\windows-amd64\native-platform.dll
0x000007fefcdc0000 - 0x000007fefcdc3000 	C:\Windows\system32\api-ms-win-core-synch-l1-2-0.DLL
0x000007fedd630000 - 0x000007fedd63d000 	C:\Program Files\Android\Android Studio\jre\jre\bin\management.dll
0x000007fefc6e0000 - 0x000007fefc6f8000 	C:\Windows\system32\CRYPTSP.dll
0x000007fefc3e0000 - 0x000007fefc427000 	C:\Windows\system32\rsaenh.dll
0x000007fefd230000 - 0x000007fefd24f000 	C:\Windows\system32\USERENV.dll
0x000007fefd0a0000 - 0x000007fefd0af000 	C:\Windows\system32\CRYPTBASE.dll
0x000007fefa450000 - 0x000007fefa477000 	C:\Windows\system32\IPHLPAPI.DLL
0x000007fefa440000 - 0x000007fefa44b000 	C:\Windows\system32\WINNSI.DLL
0x000007fefa2d0000 - 0x000007fefa2e1000 	C:\Windows\system32\dhcpcsvc6.DLL
0x000007fefa2b0000 - 0x000007fefa2c8000 	C:\Windows\system32\dhcpcsvc.DLL
0x000007fefd040000 - 0x000007fefd097000 	C:\Windows\system32\apphelp.dll

VM Arguments:
jvm_args: -Xmx1536m -Dfile.encoding=windows-1251 -Duser.country=RU -Duser.language=ru -Duser.variant 
java_command: org.gradle.launcher.daemon.bootstrap.GradleDaemon 5.4.1
java_class_path (initial): C:\Users\Minato\.gradle\wrapper\dists\gradle-5.4.1-all\3221gyojl5jsh0helicew7rwx\gradle-5.4.1\lib\gradle-launcher-5.4.1.jar
Launcher Type: SUN_STANDARD

Environment Variables:
CLASSPATH=.;C:\Program Files (x86)\QuickTime\QTSystem\QTJava.zip
PATH=C:\Program Files (x86)\Common Files\Oracle\Java\javapath;C:\Program Files (x86)\Intel\iCLS Client\;C:\Program Files\Intel\iCLS Client\;C:\Windows\system32;C:\Windows;C:\Windows\System32\Wbem;C:\Windows\System32\WindowsPowerShell\v1.0\;C:\Program Files (x86)\NVIDIA Corporation\PhysX\Common;C:\Program Files\Intel\Intel(R) Management Engine Components\DAL;C:\Program Files\Intel\Intel(R) Management Engine Components\IPT;C:\Program Files (x86)\Intel\Intel(R) Management Engine Components\DAL;C:\Program Files (x86)\Intel\Intel(R) Management Engine Components\IPT;C:\Program Files (x86)\Skype\Phone\;C:\Program Files (x86)\Common Files\Acronis\SnapAPI\;C:\Program Files (x86)\QuickTime\QTSystem\;C:\Program Files\NVIDIA Corporation\NVIDIA NvDLISR;C:\Program Files\MySQL\MySQL Utilities 1.6\;C:\Program Files\Git\cmd;C:\Program Files\MySQL\MySQL Shell 8.0\bin\
USERNAME=Minato
OS=Windows_NT
PROCESSOR_IDENTIFIER=Intel64 Family 6 Model 60 Stepping 3, GenuineIntel



---------------  S Y S T E M  ---------------

OS: Windows 7 , 64 bit Build 7601 (6.1.7601.24499)

CPU:total 8 (initial active 8) (4 cores per cpu, 2 threads per core) family 6 model 60 stepping 3, cmov, cx8, fxsr, mmx, sse, sse2, sse3, ssse3, sse4.1, sse4.2, popcnt, avx, avx2, aes, clmul, erms, lzcnt, ht, tsc, tscinvbit, bmi1, bmi2

Memory: 4k page, physical 16661364k(4054476k free), swap 16659464k(5624k free)

vm_info: OpenJDK 64-Bit Server VM (25.202-b03) for windows-amd64 JRE (1.8.0_202-release-1483-b03), built by "builder" with MS VC++ 10.0 (VS2010)

time: Wed Nov 20 16:14:05 2019
timezone: RTZ 2 (зима)
elapsed time: 7 seconds (0d 0h 0m 7s)

